
[[[自动注册扩展缓存完成]]]
[2018/7/20 8:45:29]
[线程：1]
    注册总用时：1.078ms
自动扫描程序集：0个
扩展缓存：

[[[微信扩展缓存注册完成]]]
[2018/7/20 8:45:30]
[线程：1]
    微信扩展缓存注册总用时：10.4002ms
扩展缓存：Senparc.Weixin.Cache.LocalContainerCacheStrategy

[[[自动注册扩展缓存完成]]]
[2018/7/20 8:56:07]
[线程：1]
    注册总用时：1.1248ms
自动扫描程序集：0个
扩展缓存：

[[[微信扩展缓存注册完成]]]
[2018/7/20 8:56:07]
[线程：1]
    微信扩展缓存注册总用时：9.1472ms
扩展缓存：Senparc.Weixin.Cache.LocalContainerCacheStrategy

[[[接口调用]]]
[2018/7/20 8:56:17]
[线程：9]
    URL：https://api.weixin.qq.com/cgi-bin/token?grant_type=client_credential&appid=wx4f8e94b7a153ff43&secret=700fcec799b8ff8f1463eb31585eafbc
    Result：
{"access_token":"11_m4bqe-ve4gUavgJGc1lzPMOEQWIZKBZl9sTqy-fBVEtZdKzach03gZrp2G4jp08gvIwE_08VafnutADqTdNyWiA7i2pVFnFenL28qbPPvH1arp3hxOa6aohKa7jhhL0oOsPiBUuTZOrbPe_VOFLdABAIZF","expires_in":7200}

[[[自动注册扩展缓存完成]]]
[2018/7/20 9:34:11]
[线程：1]
    注册总用时：1.0472ms
自动扫描程序集：0个
扩展缓存：

[[[微信扩展缓存注册完成]]]
[2018/7/20 9:34:11]
[线程：1]
    微信扩展缓存注册总用时：8.9936ms
扩展缓存：Senparc.Weixin.Cache.LocalContainerCacheStrategy

[[[接口调用]]]
[2018/7/20 9:34:26]
[线程：8]
    URL：https://api.weixin.qq.com/cgi-bin/token?grant_type=client_credential&appid=wx4f8e94b7a153ff43&secret=700fcec799b8ff8f1463eb31585eafbc
    Result：
{"access_token":"11_qzHyUmz7PPoTQDMVjvPEFAWidaRn2lz7NEgCjrF0jpHgZfy7yhflldRu3gsZkDYXtkl_dKmzSUd2bcNJkW-UCHWRfOw9FbDM1V1m-UuiW5881AtUWrUaq_RhVZxZoufpBoSsclZ_wTDAI8L_EOYgAGASCM","expires_in":7200}
